<?xml version="1.0" encoding="UTF-8"?>
<!-- Generated by org.testng.reporters.JUnitReportReporter -->
<testsuite hostname="Jagadeesh" failures="0" tests="1" name="adults.adults_singleslot_Second_slot" time="67.429" errors="0" timestamp="2025-06-16T18:00:05 EDT" skipped="0">
  <testcase classname="adults.adults_singleslot_Second_slot" name="adult_two" time="67.429"/>
</testsuite> <!-- adults.adults_singleslot_Second_slot -->
