<?xml version="1.0" encoding="UTF-8"?>
<!-- Generated by org.testng.reporters.JUnitReportReporter -->
<testsuite hostname="Jagadeesh" failures="0" tests="1" name="adults.adults_First_slot" time="6.628" errors="0" timestamp="2025-06-17T19:20:54 EDT" skipped="0">
  <testcase classname="adults.adults_First_slot" name="adults_one" time="6.628"/>
</testsuite> <!-- adults.adults_First_slot -->
