<?xml version="1.0" encoding="UTF-8"?>
<!-- Generated by org.testng.reporters.JUnitReportReporter -->
<testsuite hostname="Jagadeesh" failures="0" tests="1" name="adults.adults_Second_slot2" time="6.319" errors="0" timestamp="2025-06-17T09:25:29 EDT" skipped="0">
  <testcase classname="adults.adults_Second_slot2" name="adult_two2" time="6.319"/>
</testsuite> <!-- adults.adults_Second_slot2 -->
