<?xml version="1.0" encoding="UTF-8"?>
<!-- Generated by org.testng.reporters.JUnitReportReporter -->
<testsuite hostname="Jagadeesh" failures="0" tests="1" name="adults.adults_First_slot2" time="6.869" errors="0" timestamp="2025-06-17T09:24:19 EDT" skipped="0">
  <testcase classname="adults.adults_First_slot2" name="adults_one2" time="6.869"/>
</testsuite> <!-- adults.adults_First_slot2 -->
