<?xml version="1.0" encoding="UTF-8"?>
<!-- Generated by org.testng.reporters.JUnitReportReporter -->
<testsuite hostname="Jagadeesh" failures="0" tests="1" name="family.First2" time="33.876" errors="0" timestamp="2025-06-12T18:00:40 EDT" skipped="0">
  <testcase classname="family.First2" name="allages_one2" time="33.876"/>
</testsuite> <!-- family.First2 -->
