<?xml version="1.0" encoding="UTF-8"?>
<!-- Generated by org.testng.reporters.JUnitReportReporter -->
<testsuite hostname="Jagadeesh" failures="0" tests="1" name="family.Second2" time="33.929" errors="0" timestamp="2025-06-12T18:00:40 EDT" skipped="0">
  <testcase classname="family.Second2" name="allages_two2" time="33.929"/>
</testsuite> <!-- family.Second2 -->
