<?xml version="1.0" encoding="UTF-8"?>
<!-- Generated by org.testng.reporters.JUnitReportReporter -->
<testsuite hostname="Jagadeesh" failures="0" tests="1" name="family.Second" time="33.939" errors="0" timestamp="2025-06-12T18:00:40 EDT" skipped="0">
  <testcase classname="family.Second" name="allages_two" time="33.939"/>
</testsuite> <!-- family.Second -->
